0 info it worked if it ends with ok
1 verbose cli [ 'C:\\Program Files\\nodejs\\node.exe',
1 verbose cli   'C:\\Program Files\\nodejs\\node_modules\\npm\\bin\\npm-cli.js',
1 verbose cli   'run',
1 verbose cli   'watch' ]
2 info using npm@3.10.10
3 info using node@v6.11.0
4 verbose run-script [ 'prewatch', 'watch', 'postwatch' ]
5 info lifecycle math-visualized@0.0.1~prewatch: math-visualized@0.0.1
6 silly lifecycle math-visualized@0.0.1~prewatch: no script for prewatch, continuing
7 info lifecycle math-visualized@0.0.1~watch: math-visualized@0.0.1
8 verbose lifecycle math-visualized@0.0.1~watch: unsafe-perm in lifecycle true
9 verbose lifecycle math-visualized@0.0.1~watch: PATH: C:\Program Files\nodejs\node_modules\npm\bin\node-gyp-bin;C:\Users\mkkek\Documents\django\pysite\mathvisualized\static\es6\node_modules\.bin;C:\Program Files (x86)\ActiveState Komodo Edit 10\;C:\ProgramData\Oracle\Java\javapath;C:\WINDOWS\system32;C:\WINDOWS;C:\WINDOWS\System32\Wbem;C:\WINDOWS\System32\WindowsPowerShell\v1.0\;C:\Program Files (x86)\ATI Technologies\ATI.ACE\Core-Static;C:\WINDOWS\system32\config\systemprofile\.dnx\bin;C:\Program Files\Microsoft DNX\Dnvm\;C:\Program Files\Microsoft SQL Server\130\Tools\Binn\;C:\nasm-2.12.02\nasm.exe;C:\Program Files\Git\cmd;C:\Program Files\TortoiseHg\;C:\Program Files (x86)\GtkSharp\2.12\bin;C:\xampp\php;C:\ProgramData\ComposerSetup\bin;C:\Program Files (x86)\Windows Live\Shared;C:\Program Files\nodejs\;C:\Program Files (x86)\WinMerge;C:\Program Files (x86)\Brackets\command;C:\Program Files\dotnet\;C:\Program Files\Microsoft SQL Server\Client SDK\ODBC\130\Tools\Binn\;C:\Program Files (x86)\Microsoft SQL Server\140\Tools\Binn\;C:\Program Files\Microsoft SQL Server\140\Tools\Binn\;C:\Program Files\Microsoft SQL Server\140\DTS\Binn\;C:\Program Files (x86)\Microsoft SQL Server\Client SDK\ODBC\130\Tools\Binn\;C:\Program Files (x86)\Microsoft SQL Server\140\DTS\Binn\;C:\Program Files (x86)\Microsoft SQL Server\140\Tools\Binn\ManagementStudio\;C:\Users\mkkek\AppData\Local\Programs\Python\Python36-32\Scripts\;C:\Users\mkkek\AppData\Local\Programs\Python\Python36-32\;C:\Users\mkkek\AppData\Local\Microsoft\WindowsApps;C:\Users\mkkek\AppData\Local\atom\bin;C:\Users\mkkek\AppData\Roaming\Composer\vendor\bin;C:\Program Files (x86)\Microsoft Visual Studio 14.0\VC\bin;C:\Qt\5.8\msvc2015_64\bin;C:\Program Files\Java\jdk1.8.0_101\bin;C:\Users\mkkek\AppData\Local\Microsoft\WindowsApps;C:\Users\mkkek\AppData\Roaming\npm;C:\Android\sdk;C:\Android\sdk\platform-tools;C:\Program Files\CMake\bin;;C:\Program Files\Microsoft VS Code\bin
10 verbose lifecycle math-visualized@0.0.1~watch: CWD: C:\Users\mkkek\Documents\django\pysite\mathvisualized\static\es6
11 silly lifecycle math-visualized@0.0.1~watch: Args: [ '/d /s /c', 'npm-watch' ]
12 silly lifecycle math-visualized@0.0.1~watch: Returned: code: 3221225786  signal: null
13 info lifecycle math-visualized@0.0.1~watch: Failed to exec watch script
14 verbose stack Error: math-visualized@0.0.1 watch: `npm-watch`
14 verbose stack Exit status 3221225786
14 verbose stack     at EventEmitter.<anonymous> (C:\Program Files\nodejs\node_modules\npm\lib\utils\lifecycle.js:255:16)
14 verbose stack     at emitTwo (events.js:106:13)
14 verbose stack     at EventEmitter.emit (events.js:191:7)
14 verbose stack     at ChildProcess.<anonymous> (C:\Program Files\nodejs\node_modules\npm\lib\utils\spawn.js:40:14)
14 verbose stack     at emitTwo (events.js:106:13)
14 verbose stack     at ChildProcess.emit (events.js:191:7)
14 verbose stack     at maybeClose (internal/child_process.js:891:16)
14 verbose stack     at Process.ChildProcess._handle.onexit (internal/child_process.js:226:5)
15 verbose pkgid math-visualized@0.0.1
16 verbose cwd C:\Users\mkkek\Documents\django\pysite\mathvisualized\static\es6
17 error Windows_NT 10.0.16299
18 error argv "C:\\Program Files\\nodejs\\node.exe" "C:\\Program Files\\nodejs\\node_modules\\npm\\bin\\npm-cli.js" "run" "watch"
19 error node v6.11.0
20 error npm  v3.10.10
21 error code ELIFECYCLE
22 error math-visualized@0.0.1 watch: `npm-watch`
22 error Exit status 3221225786
23 error Failed at the math-visualized@0.0.1 watch script 'npm-watch'.
23 error Make sure you have the latest version of node.js and npm installed.
23 error If you do, this is most likely a problem with the math-visualized package,
23 error not with npm itself.
23 error Tell the author that this fails on your system:
23 error     npm-watch
23 error You can get information on how to open an issue for this project with:
23 error     npm bugs math-visualized
23 error Or if that isn't available, you can get their info via:
23 error     npm owner ls math-visualized
23 error There is likely additional logging output above.
24 verbose exit [ 1, true ]
